<?xml version="1.0" encoding="UTF-8"?>
<!-- Generated by org.testng.reporters.JUnitXMLReporter -->
<testsuite ignored="0" hostname="DESKTOP-GMLFDQE" failures="0" tests="4" name="Test" time="37.05" errors="0" timestamp="27 Jan 2022 17:05:57 GMT">
  <testcase classname="testngBasics.LearnWindowHandling" name="WindowHandling" time="17.784"/>
  <testcase classname="testngBasics.LearnFindElements" name="findelements" time="18.943"/>
  <testcase classname="testngBasics.LearnFindElements" name="findelements" time="19.066"/>
  <testcase classname="testngBasics.LearnFindElements" name="findelements" time="19.213"/>
</testsuite> <!-- Test -->
